<?xml version="1.0" encoding="UTF-8"?>
<testng-results ignored="0" total="1" passed="1" failed="0" skipped="0">
  <reporter-output>
  </reporter-output>
  <suite started-at="2020-09-09T00:38:47 SGT" name="TestSuite" finished-at="2020-09-09T00:38:55 SGT" duration-ms="8652">
    <groups>
    </groups>
    <test started-at="2020-09-09T00:38:47 SGT" name="Test1" finished-at="2020-09-09T00:38:55 SGT" duration-ms="8652">
      <class name="testcases.TestCalculatorFeatures">
        <test-method is-config="true" signature="extentReportSetup()[pri:0, instance:testcases.TestCalculatorFeatures@57250572]" started-at="2020-09-09T00:38:47 SGT" name="extentReportSetup" finished-at="2020-09-09T00:38:47 SGT" duration-ms="179" status="PASS">
          <reporter-output>
          </reporter-output>
        </test-method> <!-- extentReportSetup -->
        <test-method is-config="true" signature="driverSetUp(java.lang.String, java.lang.String)[pri:0, instance:testcases.TestCalculatorFeatures@57250572]" started-at="2020-09-09T00:38:47 SGT" name="driverSetUp" finished-at="2020-09-09T00:38:51 SGT" duration-ms="3562" status="PASS">
          <params>
            <param index="0">
              <value>
                <![CDATA[chrome]]>
              </value>
            </param>
            <param index="1">
              <value>
                <![CDATA[https://www.online-calculator.com/full-screen-calculator/]]>
              </value>
            </param>
          </params>
          <reporter-output>
          </reporter-output>
        </test-method> <!-- driverSetUp -->
        <test-method signature="ValidateCalculatorFeatures(java.lang.String, java.lang.String, java.lang.String)[pri:0, instance:testcases.TestCalculatorFeatures@57250572]" started-at="2020-09-09T00:38:51 SGT" name="ValidateCalculatorFeatures" finished-at="2020-09-09T00:38:55 SGT" duration-ms="4200" status="PASS">
          <params>
            <param index="0">
              <value>
                <![CDATA[15.21]]>
              </value>
            </param>
            <param index="1">
              <value>
                <![CDATA[10.12]]>
              </value>
            </param>
            <param index="2">
              <value>
                <![CDATA[+]]>
              </value>
            </param>
          </params>
          <reporter-output>
          </reporter-output>
        </test-method> <!-- ValidateCalculatorFeatures -->
        <test-method is-config="true" signature="getResult(org.testng.ITestResult)[pri:0, instance:testcases.TestCalculatorFeatures@57250572]" started-at="2020-09-09T00:38:55 SGT" name="getResult" finished-at="2020-09-09T00:38:55 SGT" duration-ms="230" status="PASS">
          <params>
            <param index="0">
              <value>
                <![CDATA[[TestResult name=ValidateCalculatorFeatures status=SUCCESS method=TestCalculatorFeatures.ValidateCalculatorFeatures(java.lang.String, java.lang.String, java.lang.String)[pri:0, instance:testcases.TestCalculatorFeatures@57250572] output={null}]]]>
              </value>
            </param>
          </params>
          <reporter-output>
          </reporter-output>
        </test-method> <!-- getResult -->
        <test-method is-config="true" signature="driverClose()[pri:0, instance:testcases.TestCalculatorFeatures@57250572]" started-at="2020-09-09T00:38:55 SGT" name="driverClose" finished-at="2020-09-09T00:38:55 SGT" duration-ms="59" status="PASS">
          <reporter-output>
          </reporter-output>
        </test-method> <!-- driverClose -->
        <test-method is-config="true" signature="endReport()[pri:0, instance:testcases.TestCalculatorFeatures@57250572]" started-at="2020-09-09T00:38:55 SGT" name="endReport" finished-at="2020-09-09T00:38:55 SGT" duration-ms="389" status="PASS">
          <reporter-output>
          </reporter-output>
        </test-method> <!-- endReport -->
      </class> <!-- testcases.TestCalculatorFeatures -->
    </test> <!-- Test1 -->
  </suite> <!-- TestSuite -->
</testng-results>
